Mode    : Phaser
Options : -V imputed_impute2.vcf.gz --input-map genetic_map_chr19_combined_b37.txt --input-thr 0.95 --output-max imputed_impute2.haps imputed_impute2.sample --thread 4 --effective-size 20000 --output-log imputed_impute2.log --force
Version : v2.r904
Date    : 14/09/2020 16:54:27

MODE -phase : PHASING GENOTYPE DATA
  * Autosome (chr1 ... chr22)
  * Window-based model (SHAPEIT v2)
  * MCMC iteration

Parameters :
  * Seed : 1600095267
  * Parallelisation: 4 threads
  * Ref allele is NOT aligned on the reference genome
  * MCMC: 35 iterations [7 B + 1 runs of 8 P + 20 M]
  * Model: 100 states per window [100 H + 0 PM + 0 R + 0 COV ] / Windows of ~2.0 Mb / Ne = 20000

Reading unphased data in [imputed_impute2.vcf.gz]
  * 536 samples included
  * 536 unrelateds / 0 duos / 0 trios in 536 different families
  * 1443 SNPs included

Reading genetic map in [genetic_map_chr19_combined_b37.txt]
  * 45959 genetic positions found
  * #set=146 / #interpolated=1297
  * Physical map [45.30 Mb -> 45.50 Mb] / Genetic map [70.34 cM -> 70.92 cM]

Checking missingness and MAF...
  * 1 singletons SNPs

Building graphs ... 

  * 536 graphs / 43196 segments / ~17 SNPs per segment / 1361289 transitions
  * 0 haploids / 536 unrelateds / 0 duos / 0 trios
  * 1072 founder haplotypes

Sampling haplotypes


Burn-in iteration [1/7]

Burn-in iteration [2/7]

Burn-in iteration [3/7]

Burn-in iteration [4/7]

Burn-in iteration [5/7]

Burn-in iteration [6/7]

Burn-in iteration [7/7]

Pruning iteration [1/8]

Pruning iteration [2/8]

Pruning iteration [3/8]

Pruning iteration [4/8]

Pruning iteration [5/8]

Pruning iteration [6/8]

Pruning iteration [7/8]

Pruning iteration [8/8]

Pruning graphs

  * 536 graphs / 9671 segments / ~79 SNPs per segment / 88620 transitions
  * 0 haploids / 536 unrelateds / 0 duos / 0 trios
  * 1072 founder haplotypes

Main iteration [1/20]

Main iteration [2/20]

Main iteration [3/20]

Main iteration [4/20]

Main iteration [5/20]

Main iteration [6/20]

Main iteration [7/20]

Main iteration [8/20]

Main iteration [9/20]

Main iteration [10/20]

Main iteration [11/20]

Main iteration [12/20]

Main iteration [13/20]

Main iteration [14/20]

Main iteration [15/20]

Main iteration [16/20]

Main iteration [17/20]

Main iteration [18/20]

Main iteration [19/20]

Main iteration [20/20]

Normalising graphs


Solving haplotypes


Writing sample list in [imputed_impute2.sample]

Writing site list and haplotypes in [imputed_impute2.haps]

Running time: 169 seconds
