beagle.18May20.d20.jar (version 5.1)
Copyright (C) 2014-2018 Brian L. Browning
Enter "java -jar beagle.18May20.d20.jar" to list command line argument
Start time: 01:44 PM SAST on 14 Sep 2020

Command line: java -Xmx17465m -jar beagle.18May20.d20.jar
  gt=imputed_filt1.recode.vcf.gz
  ref=imputed_beagle.bref3
  impute=true
  out=imputed_beagle

No genetic map is specified: using 1 cM = 1 Mb

Reference samples:         536
Study samples:             536

Window 1 (chr19:45303073-45502808)
Reference markers:       1,352
Study markers:             180

Burnin  iteration 1:           1 second
Burnin  iteration 2:           1 second
Burnin  iteration 3:           0 seconds
Burnin  iteration 4:           0 seconds
Burnin  iteration 5:           0 seconds
Burnin  iteration 6:           1 second

Phasing iteration 1:           1 second
Phasing iteration 2:           0 seconds
Phasing iteration 3:           0 seconds
Phasing iteration 4:           0 seconds
Phasing iteration 5:           0 seconds
Phasing iteration 6:           0 seconds
Phasing iteration 7:           0 seconds
Phasing iteration 8:           0 seconds
Phasing iteration 9:           0 seconds
Phasing iteration 10:          0 seconds
Phasing iteration 11:          0 seconds
Phasing iteration 12:          0 seconds

Imputation time:               2 seconds

Cumulative Statistics:

Reference markers:       1,352
Study markers:             180

Haplotype phasing time:        7 seconds
Imputation time:               2 seconds
Total time:                    10 seconds

End time: 01:45 PM SAST on 14 Sep 2020
beagle.18May20.d20.jar finished
